#
# There is insufficient memory for the Java Runtime Environment to continue.
# Native memory allocation (mmap) failed to map 64487424 bytes for committing reserved memory.
# Possible reasons:
#   The system is out of physical RAM or swap space
#   In 32 bit mode, the process size limit was hit
# Possible solutions:
#   Reduce memory load on the system
#   Increase physical memory or swap space
#   Check if swap backing store is full
#   Use 64 bit Java on a 64 bit OS
#   Decrease Java heap size (-Xmx/-Xms)
#   Decrease number of Java threads
#   Decrease Java thread stack sizes (-Xss)
#   Set larger code cache with -XX:ReservedCodeCacheSize=
# This output file may be truncated or incomplete.
#
#  Out of Memory Error (os_linux.cpp:2627), pid=9051, tid=140241559504640
#
# JRE version:  (8.0_74-b02) (build )
# Java VM: Java HotSpot(TM) 64-Bit Server VM (25.74-b02 mixed mode linux-amd64 compressed oops)
# Failed to write core dump. Core dumps have been disabled. To enable core dumping, try "ulimit -c unlimited" before starting Java again
#

---------------  T H R E A D  ---------------

Current thread (0x00007f8c8000a000):  JavaThread "Unknown thread" [_thread_in_vm, id=9057, stack(0x00007f8c88464000,0x00007f8c88565000)]

Stack: [0x00007f8c88464000,0x00007f8c88565000],  sp=0x00007f8c88563370,  free space=1020k
Native frames: (J=compiled Java code, j=interpreted, Vv=VM code, C=native code)
V  [libjvm.so+0xaba7ea]  VMError::report_and_die()+0x2ba
V  [libjvm.so+0x4f9e3b]  report_vm_out_of_memory(char const*, int, unsigned long, VMErrorType, char const*)+0x8b
V  [libjvm.so+0x91b613]  os::Linux::commit_memory_impl(char*, unsigned long, bool)+0x103
V  [libjvm.so+0x91bb69]  os::pd_commit_memory(char*, unsigned long, unsigned long, bool)+0x29
V  [libjvm.so+0x915e6a]  os::commit_memory(char*, unsigned long, unsigned long, bool)+0x2a
V  [libjvm.so+0x989543]  PSVirtualSpace::expand_by(unsigned long)+0x53
V  [libjvm.so+0x979687]  PSOldGen::initialize(ReservedSpace, unsigned long, char const*, int)+0xb7
V  [libjvm.so+0x2d827a]  AdjoiningGenerations::AdjoiningGenerations(ReservedSpace, GenerationSizer*, unsigned long)+0x39a
V  [libjvm.so+0x93e9c6]  ParallelScavengeHeap::initialize()+0x1d6
V  [libjvm.so+0xa8301b]  Universe::initialize_heap()+0xfb
V  [libjvm.so+0xa8338e]  universe_init()+0x3e
V  [libjvm.so+0x6392c5]  init_globals()+0x65
V  [libjvm.so+0xa6758e]  Threads::create_vm(JavaVMInitArgs*, bool*)+0x23e
V  [libjvm.so+0x6cd7e4]  JNI_CreateJavaVM+0x74
C  [libjli.so+0x745e]  JavaMain+0x9e
C  [libpthread.so.0+0x8182]  start_thread+0xc2


---------------  P R O C E S S  ---------------

Java Threads: ( => current thread )

Other Threads:

=>0x00007f8c8000a000 (exited) JavaThread "Unknown thread" [_thread_in_vm, id=9057, stack(0x00007f8c88464000,0x00007f8c88565000)]

VM state:not at safepoint (not fully initialized)

VM Mutex/Monitor currently owned by a thread: None

GC Heap History (0 events):
No events

Deoptimization events (0 events):
No events

Internal exceptions (0 events):
No events

Events (0 events):
No events


Dynamic libraries:
00400000-00401000 r-xp 00000000 fc:01 397903                             /usr/lib/jvm/java-8-oracle/bin/java
00600000-00601000 rw-p 00000000 fc:01 397903                             /usr/lib/jvm/java-8-oracle/bin/java
021c0000-021e1000 rw-p 00000000 00:00 0                                  [heap]
c3d80000-eab00000 ---p 00000000 00:00 0 
eab00000-ec980000 rw-p 00000000 00:00 0 
ec980000-100000000 ---p 00000000 00:00 0 
7f8c71000000-7f8c71270000 rwxp 00000000 00:00 0 
7f8c71270000-7f8c80000000 ---p 00000000 00:00 0 
7f8c80000000-7f8c80032000 rw-p 00000000 00:00 0 
7f8c80032000-7f8c84000000 ---p 00000000 00:00 0 
7f8c84d9d000-7f8c85022000 rw-p 00000000 00:00 0 
7f8c85022000-7f8c85177000 ---p 00000000 00:00 0 
7f8c85177000-7f8c85187000 rw-p 00000000 00:00 0 
7f8c85187000-7f8c85222000 ---p 00000000 00:00 0 
7f8c85222000-7f8c8522d000 rw-p 00000000 00:00 0 
7f8c8522d000-7f8c855e3000 ---p 00000000 00:00 0 
7f8c855e3000-7f8c855fd000 r-xp 00000000 fc:01 401152                     /usr/lib/jvm/java-8-oracle/jre/lib/amd64/libzip.so
7f8c855fd000-7f8c857fd000 ---p 0001a000 fc:01 401152                     /usr/lib/jvm/java-8-oracle/jre/lib/amd64/libzip.so
7f8c857fd000-7f8c857fe000 rw-p 0001a000 fc:01 401152                     /usr/lib/jvm/java-8-oracle/jre/lib/amd64/libzip.so
7f8c857fe000-7f8c85809000 r-xp 00000000 fc:01 790865                     /lib/x86_64-linux-gnu/libnss_files-2.19.so
7f8c85809000-7f8c85a08000 ---p 0000b000 fc:01 790865                     /lib/x86_64-linux-gnu/libnss_files-2.19.so
7f8c85a08000-7f8c85a09000 r--p 0000a000 fc:01 790865                     /lib/x86_64-linux-gnu/libnss_files-2.19.so
7f8c85a09000-7f8c85a0a000 rw-p 0000b000 fc:01 790865                     /lib/x86_64-linux-gnu/libnss_files-2.19.so
7f8c85a0a000-7f8c85a15000 r-xp 00000000 fc:01 790875                     /lib/x86_64-linux-gnu/libnss_nis-2.19.so
7f8c85a15000-7f8c85c14000 ---p 0000b000 fc:01 790875                     /lib/x86_64-linux-gnu/libnss_nis-2.19.so
7f8c85c14000-7f8c85c15000 r--p 0000a000 fc:01 790875                     /lib/x86_64-linux-gnu/libnss_nis-2.19.so
7f8c85c15000-7f8c85c16000 rw-p 0000b000 fc:01 790875                     /lib/x86_64-linux-gnu/libnss_nis-2.19.so
7f8c85c16000-7f8c85c2d000 r-xp 00000000 fc:01 790859                     /lib/x86_64-linux-gnu/libnsl-2.19.so
7f8c85c2d000-7f8c85e2c000 ---p 00017000 fc:01 790859                     /lib/x86_64-linux-gnu/libnsl-2.19.so
7f8c85e2c000-7f8c85e2d000 r--p 00016000 fc:01 790859                     /lib/x86_64-linux-gnu/libnsl-2.19.so
7f8c85e2d000-7f8c85e2e000 rw-p 00017000 fc:01 790859                     /lib/x86_64-linux-gnu/libnsl-2.19.so
7f8c85e2e000-7f8c85e30000 rw-p 00000000 00:00 0 
7f8c85e30000-7f8c85e39000 r-xp 00000000 fc:01 790861                     /lib/x86_64-linux-gnu/libnss_compat-2.19.so
7f8c85e39000-7f8c86038000 ---p 00009000 fc:01 790861                     /lib/x86_64-linux-gnu/libnss_compat-2.19.so
7f8c86038000-7f8c86039000 r--p 00008000 fc:01 790861                     /lib/x86_64-linux-gnu/libnss_compat-2.19.so
7f8c86039000-7f8c8603a000 rw-p 00009000 fc:01 790861                     /lib/x86_64-linux-gnu/libnss_compat-2.19.so
7f8c8603a000-7f8c86064000 r-xp 00000000 fc:01 401149                     /usr/lib/jvm/java-8-oracle/jre/lib/amd64/libjava.so
7f8c86064000-7f8c86264000 ---p 0002a000 fc:01 401149                     /usr/lib/jvm/java-8-oracle/jre/lib/amd64/libjava.so
7f8c86264000-7f8c86266000 rw-p 0002a000 fc:01 401149                     /usr/lib/jvm/java-8-oracle/jre/lib/amd64/libjava.so
7f8c86266000-7f8c86273000 r-xp 00000000 fc:01 401644                     /usr/lib/jvm/java-8-oracle/jre/lib/amd64/libverify.so
7f8c86273000-7f8c86473000 ---p 0000d000 fc:01 401644                     /usr/lib/jvm/java-8-oracle/jre/lib/amd64/libverify.so
7f8c86473000-7f8c86475000 rw-p 0000d000 fc:01 401644                     /usr/lib/jvm/java-8-oracle/jre/lib/amd64/libverify.so
7f8c86475000-7f8c8647c000 r-xp 00000000 fc:01 790918                     /lib/x86_64-linux-gnu/librt-2.19.so
7f8c8647c000-7f8c8667b000 ---p 00007000 fc:01 790918                     /lib/x86_64-linux-gnu/librt-2.19.so
7f8c8667b000-7f8c8667c000 r--p 00006000 fc:01 790918                     /lib/x86_64-linux-gnu/librt-2.19.so
7f8c8667c000-7f8c8667d000 rw-p 00007000 fc:01 790918                     /lib/x86_64-linux-gnu/librt-2.19.so
7f8c8667d000-7f8c86782000 r-xp 00000000 fc:01 790840                     /lib/x86_64-linux-gnu/libm-2.19.so
7f8c86782000-7f8c86981000 ---p 00105000 fc:01 790840                     /lib/x86_64-linux-gnu/libm-2.19.so
7f8c86981000-7f8c86982000 r--p 00104000 fc:01 790840                     /lib/x86_64-linux-gnu/libm-2.19.so
7f8c86982000-7f8c86983000 rw-p 00105000 fc:01 790840                     /lib/x86_64-linux-gnu/libm-2.19.so
7f8c86983000-7f8c87642000 r-xp 00000000 fc:01 401146                     /usr/lib/jvm/java-8-oracle/jre/lib/amd64/server/libjvm.so
7f8c87642000-7f8c87841000 ---p 00cbf000 fc:01 401146                     /usr/lib/jvm/java-8-oracle/jre/lib/amd64/server/libjvm.so
7f8c87841000-7f8c8791a000 rw-p 00cbe000 fc:01 401146                     /usr/lib/jvm/java-8-oracle/jre/lib/amd64/server/libjvm.so
7f8c8791a000-7f8c87963000 rw-p 00000000 00:00 0 
7f8c87963000-7f8c87b1e000 r-xp 00000000 fc:01 790790                     /lib/x86_64-linux-gnu/libc-2.19.so
7f8c87b1e000-7f8c87d1d000 ---p 001bb000 fc:01 790790                     /lib/x86_64-linux-gnu/libc-2.19.so
7f8c87d1d000-7f8c87d21000 r--p 001ba000 fc:01 790790                     /lib/x86_64-linux-gnu/libc-2.19.so
7f8c87d21000-7f8c87d23000 rw-p 001be000 fc:01 790790                     /lib/x86_64-linux-gnu/libc-2.19.so
7f8c87d23000-7f8c87d28000 rw-p 00000000 00:00 0 
7f8c87d28000-7f8c87d2b000 r-xp 00000000 fc:01 790807                     /lib/x86_64-linux-gnu/libdl-2.19.so
7f8c87d2b000-7f8c87f2a000 ---p 00003000 fc:01 790807                     /lib/x86_64-linux-gnu/libdl-2.19.so
7f8c87f2a000-7f8c87f2b000 r--p 00002000 fc:01 790807                     /lib/x86_64-linux-gnu/libdl-2.19.so
7f8c87f2b000-7f8c87f2c000 rw-p 00003000 fc:01 790807                     /lib/x86_64-linux-gnu/libdl-2.19.so
7f8c87f2c000-7f8c87f41000 r-xp 00000000 fc:01 403401                     /usr/lib/jvm/java-8-oracle/lib/amd64/jli/libjli.so
7f8c87f41000-7f8c88141000 ---p 00015000 fc:01 403401                     /usr/lib/jvm/java-8-oracle/lib/amd64/jli/libjli.so
7f8c88141000-7f8c88142000 rw-p 00015000 fc:01 403401                     /usr/lib/jvm/java-8-oracle/lib/amd64/jli/libjli.so
7f8c88142000-7f8c8815b000 r-xp 00000000 fc:01 790910                     /lib/x86_64-linux-gnu/libpthread-2.19.so
7f8c8815b000-7f8c8835a000 ---p 00019000 fc:01 790910                     /lib/x86_64-linux-gnu/libpthread-2.19.so
7f8c8835a000-7f8c8835b000 r--p 00018000 fc:01 790910                     /lib/x86_64-linux-gnu/libpthread-2.19.so
7f8c8835b000-7f8c8835c000 rw-p 00019000 fc:01 790910                     /lib/x86_64-linux-gnu/libpthread-2.19.so
7f8c8835c000-7f8c88360000 rw-p 00000000 00:00 0 
7f8c88360000-7f8c88383000 r-xp 00000000 fc:01 790766                     /lib/x86_64-linux-gnu/ld-2.19.so
7f8c88464000-7f8c88467000 ---p 00000000 00:00 0 
7f8c88467000-7f8c88569000 rw-p 00000000 00:00 0                          [stack:9057]
7f8c88573000-7f8c88576000 rw-p 00000000 00:00 0 
7f8c88576000-7f8c8857e000 rw-s 00000000 fc:01 4726923                    /tmp/hsperfdata_dani/9051
7f8c8857e000-7f8c8857f000 rw-p 00000000 00:00 0 
7f8c8857f000-7f8c88580000 r--p 00000000 00:00 0 
7f8c88580000-7f8c88582000 rw-p 00000000 00:00 0 
7f8c88582000-7f8c88583000 r--p 00022000 fc:01 790766                     /lib/x86_64-linux-gnu/ld-2.19.so
7f8c88583000-7f8c88584000 rw-p 00023000 fc:01 790766                     /lib/x86_64-linux-gnu/ld-2.19.so
7f8c88584000-7f8c88585000 rw-p 00000000 00:00 0 
7ffc23506000-7ffc23527000 rw-p 00000000 00:00 0                          [stack]
7ffc235cd000-7ffc235cf000 r--p 00000000 00:00 0                          [vvar]
7ffc235cf000-7ffc235d1000 r-xp 00000000 00:00 0                          [vdso]
ffffffffff600000-ffffffffff601000 r-xp 00000000 00:00 0                  [vsyscall]

VM Arguments:
jvm_args: -Djava.awt.headless=true -Xmx1024M -Dfile.encoding=UTF-8 -Duser.country=BR -Duser.language=pt -Duser.variant 
java_command: com.android.dx.command.Main --dex --num-threads=4 --output /home/dani/AndroidStudioProjects/app12/app/build/intermediates/pre-dexed/debug/debug_2d8b93579cd8c327a8601432ad3ddb2f128d7776.jar /home/dani/AndroidStudioProjects/app12/app/build/intermediates/classes/debug
java_class_path (initial): /home/dani/Android/Sdk/build-tools/23.0.2/lib/dx.jar
Launcher Type: SUN_STANDARD

Environment Variables:
JAVA_HOME=/usr/lib/jvm/java-8-oracle
PATH=/usr/local/sbin:/usr/local/bin:/usr/sbin:/usr/bin:/sbin:/bin:/usr/games:/usr/local/games:/usr/lib/jvm/java-8-oracle/bin:/usr/lib/jvm/java-8-oracle/db/bin:/usr/lib/jvm/java-8-oracle/jre/bin
LD_LIBRARY_PATH=/opt/android-studio/bin:
SHELL=/bin/bash
DISPLAY=:0

Signal Handlers:
SIGSEGV: [libjvm.so+0xabb070], sa_mask[0]=11111111011111111101111111111110, sa_flags=SA_RESTART|SA_SIGINFO
SIGBUS: [libjvm.so+0xabb070], sa_mask[0]=11111111011111111101111111111110, sa_flags=SA_RESTART|SA_SIGINFO
SIGFPE: [libjvm.so+0x918480], sa_mask[0]=11111111011111111101111111111110, sa_flags=SA_RESTART|SA_SIGINFO
SIGPIPE: [libjvm.so+0x918480], sa_mask[0]=11111111011111111101111111111110, sa_flags=SA_RESTART|SA_SIGINFO
SIGXFSZ: [libjvm.so+0x918480], sa_mask[0]=11111111011111111101111111111110, sa_flags=SA_RESTART|SA_SIGINFO
SIGILL: [libjvm.so+0x918480], sa_mask[0]=11111111011111111101111111111110, sa_flags=SA_RESTART|SA_SIGINFO
SIGUSR1: SIG_DFL, sa_mask[0]=00000000000000000000000000000000, sa_flags=none
SIGUSR2: [libjvm.so+0x919ab0], sa_mask[0]=00100000000000000000000000000000, sa_flags=SA_RESTART|SA_SIGINFO
SIGHUP: SIG_DFL, sa_mask[0]=00000000000000000000000000000000, sa_flags=none
SIGINT: SIG_DFL, sa_mask[0]=00000000000000000000000000000000, sa_flags=none
SIGTERM: SIG_DFL, sa_mask[0]=00000000000000000000000000000000, sa_flags=none
SIGQUIT: SIG_DFL, sa_mask[0]=00000000000000000000000000000000, sa_flags=none


---------------  S Y S T E M  ---------------

OS:DISTRIB_ID=Ubuntu
DISTRIB_RELEASE=14.04
DISTRIB_CODENAME=trusty
DISTRIB_DESCRIPTION="Ubuntu 14.04.4 LTS"

uname:Linux 4.2.0-30-generic #36~14.04.1-Ubuntu SMP Fri Feb 26 18:49:23 UTC 2016 x86_64
libc:glibc 2.19 NPTL 2.19 
rlimit: STACK 8192k, CORE 0k, NPROC 22583, NOFILE 4096, AS infinity
load average:4.19 2.59 1.96

/proc/meminfo:
MemTotal:        5994656 kB
MemFree:           41564 kB
MemAvailable:      72292 kB
Buffers:             836 kB
Cached:           929240 kB
SwapCached:            0 kB
Active:          4905644 kB
Inactive:         816664 kB
Active(anon):    4895940 kB
Inactive(anon):   804888 kB
Active(file):       9704 kB
Inactive(file):    11776 kB
Unevictable:          32 kB
Mlocked:              32 kB
SwapTotal:             0 kB
SwapFree:              0 kB
Dirty:               308 kB
Writeback:             0 kB
AnonPages:       4792340 kB
Mapped:           488824 kB
Shmem:            908532 kB
Slab:              95032 kB
SReclaimable:      44228 kB
SUnreclaim:        50804 kB
KernelStack:       12144 kB
PageTables:        60528 kB
NFS_Unstable:          0 kB
Bounce:                0 kB
WritebackTmp:          0 kB
CommitLimit:     2997328 kB
Committed_AS:   12087908 kB
VmallocTotal:   34359738367 kB
VmallocUsed:      380420 kB
VmallocChunk:   34358947836 kB
HardwareCorrupted:     0 kB
AnonHugePages:   1742848 kB
CmaTotal:              0 kB
CmaFree:               0 kB
HugePages_Total:       0
HugePages_Free:        0
HugePages_Rsvd:        0
HugePages_Surp:        0
Hugepagesize:       2048 kB
DirectMap4k:      227308 kB
DirectMap2M:     5947392 kB


CPU:total 4 (2 cores per cpu, 2 threads per core) family 6 model 58 stepping 9, cmov, cx8, fxsr, mmx, sse, sse2, sse3, ssse3, sse4.1, sse4.2, popcnt, avx, aes, clmul, erms, ht, tsc, tscinvbit, tscinv

/proc/cpuinfo:
processor	: 0
vendor_id	: GenuineIntel
cpu family	: 6
model		: 58
model name	: Intel(R) Core(TM) i7-3537U CPU @ 2.00GHz
stepping	: 9
microcode	: 0x15
cpu MHz		: 2900.000
cache size	: 4096 KB
physical id	: 0
siblings	: 4
core id		: 0
cpu cores	: 2
apicid		: 0
initial apicid	: 0
fpu		: yes
fpu_exception	: yes
cpuid level	: 13
wp		: yes
flags		: fpu vme de pse tsc msr pae mce cx8 apic sep mtrr pge mca cmov pat pse36 clflush dts acpi mmx fxsr sse sse2 ss ht tm pbe syscall nx rdtscp lm constant_tsc arch_perfmon pebs bts rep_good nopl xtopology nonstop_tsc aperfmperf eagerfpu pni pclmulqdq dtes64 monitor ds_cpl vmx est tm2 ssse3 cx16 xtpr pdcm pcid sse4_1 sse4_2 x2apic popcnt tsc_deadline_timer aes xsave avx f16c rdrand lahf_lm ida arat epb pln pts dtherm tpr_shadow vnmi flexpriority ept vpid fsgsbase smep erms xsaveopt
bugs		:
bogomips	: 4988.74
clflush size	: 64
cache_alignment	: 64
address sizes	: 36 bits physical, 48 bits virtual
power management:

processor	: 1
vendor_id	: GenuineIntel
cpu family	: 6
model		: 58
model name	: Intel(R) Core(TM) i7-3537U CPU @ 2.00GHz
stepping	: 9
microcode	: 0x15
cpu MHz		: 2929.589
cache size	: 4096 KB
physical id	: 0
siblings	: 4
core id		: 1
cpu cores	: 2
apicid		: 2
initial apicid	: 2
fpu		: yes
fpu_exception	: yes
cpuid level	: 13
wp		: yes
flags		: fpu vme de pse tsc msr pae mce cx8 apic sep mtrr pge mca cmov pat pse36 clflush dts acpi mmx fxsr sse sse2 ss ht tm pbe syscall nx rdtscp lm constant_tsc arch_perfmon pebs bts rep_good nopl xtopology nonstop_tsc aperfmperf eagerfpu pni pclmulqdq dtes64 monitor ds_cpl vmx est tm2 ssse3 cx16 xtpr pdcm pcid sse4_1 sse4_2 x2apic popcnt tsc_deadline_timer aes xsave avx f16c rdrand lahf_lm ida arat epb pln pts dtherm tpr_shadow vnmi flexpriority ept vpid fsgsbase smep erms xsaveopt
bugs		:
bogomips	: 4988.74
clflush size	: 64
cache_alignment	: 64
address sizes	: 36 bits physical, 48 bits virtual
power management:

processor	: 2
vendor_id	: GenuineIntel
cpu family	: 6
model		: 58
model name	: Intel(R) Core(TM) i7-3537U CPU @ 2.00GHz
stepping	: 9
microcode	: 0x15
cpu MHz		: 2900.000
cache size	: 4096 KB
physical id	: 0
siblings	: 4
core id		: 0
cpu cores	: 2
apicid		: 1
initial apicid	: 1
fpu		: yes
fpu_exception	: yes
cpuid level	: 13
wp		: yes
flags		: fpu vme de pse tsc msr pae mce cx8 apic sep mtrr pge mca cmov pat pse36 clflush dts acpi mmx fxsr sse sse2 ss ht tm pbe syscall nx rdtscp lm constant_tsc arch_perfmon pebs bts rep_good nopl xtopology nonstop_tsc aperfmperf eagerfpu pni pclmulqdq dtes64 monitor ds_cpl vmx est tm2 ssse3 cx16 xtpr pdcm pcid sse4_1 sse4_2 x2apic popcnt tsc_deadline_timer aes xsave avx f16c rdrand lahf_lm ida arat epb pln pts dtherm tpr_shadow vnmi flexpriority ept vpid fsgsbase smep erms xsaveopt
bugs		:
bogomips	: 4988.74
clflush size	: 64
cache_alignment	: 64
address sizes	: 36 bits physical, 48 bits virtual
power management:

processor	: 3
vendor_id	: GenuineIntel
cpu family	: 6
model		: 58
model name	: Intel(R) Core(TM) i7-3537U CPU @ 2.00GHz
stepping	: 9
microcode	: 0x15
cpu MHz		: 3024.804
cache size	: 4096 KB
physical id	: 0
siblings	: 4
core id		: 1
cpu cores	: 2
apicid		: 3
initial apicid	: 3
fpu		: yes
fpu_exception	: yes
cpuid level	: 13
wp		: yes
flags		: fpu vme de pse tsc msr pae mce cx8 apic sep mtrr pge mca cmov pat pse36 clflush dts acpi mmx fxsr sse sse2 ss ht tm pbe syscall nx rdtscp lm constant_tsc arch_perfmon pebs bts rep_good nopl xtopology nonstop_tsc aperfmperf eagerfpu pni pclmulqdq dtes64 monitor ds_cpl vmx est tm2 ssse3 cx16 xtpr pdcm pcid sse4_1 sse4_2 x2apic popcnt tsc_deadline_timer aes xsave avx f16c rdrand lahf_lm ida arat epb pln pts dtherm tpr_shadow vnmi flexpriority ept vpid fsgsbase smep erms xsaveopt
bugs		:
bogomips	: 4988.74
clflush size	: 64
cache_alignment	: 64
address sizes	: 36 bits physical, 48 bits virtual
power management:



Memory: 4k page, physical 5994656k(41564k free), swap 0k(0k free)

vm_info: Java HotSpot(TM) 64-Bit Server VM (25.74-b02) for linux-amd64 JRE (1.8.0_74-b02), built on Jan 29 2016 19:20:56 by "java_re" with gcc 4.3.0 20080428 (Red Hat 4.3.0-8)

time: Thu Mar 10 13:05:47 2016
elapsed time: 0 seconds (0d 0h 0m 0s)

